class01/week01/DBTest01_sample/app/build/intermediates/manifest_merge_blame_file/debug/manifest-merger-blame-debug-report.txt
1<?xml version="1.0" encoding="utf-8"?>
2<manifest xmlns:android="http://schemas.android.com/apk/res/android"
3    package="mobile.example.dbtest"
4    android:versionCode="1"
5    android:versionName="1.0" >
6
7    <uses-sdk
8        android:minSdkVersion="16"
8-->src\main\AndroidManifest.xml
9        android:targetSdkVersion="28" />
9-->src\main\AndroidManifest.xml
10
11    <application
11-->src\main\AndroidManifest.xml:8:5-34:19
12        android:allowBackup="true"
12-->src\main\AndroidManifest.xml:9:9-35
13        android:appComponentFactory="android.support.v4.app.CoreComponentFactory"
13-->[com.android.support:support-compat:28.0.0] AndroidManifest.xml:22:18-91
14        android:debuggable="true"
15        android:icon="@drawable/ic_launcher"
15-->src\main\AndroidManifest.xml:10:9-45
16        android:label="@string/app_name"
16-->src\main\AndroidManifest.xml:11:9-41
17        android:testOnly="true"
18        android:theme="@style/AppTheme" >
18-->src\main\AndroidManifest.xml:12:9-40
19        <activity
19-->src\main\AndroidManifest.xml:13:9-21:20
20            android:name="mobile.example.dbtest.MainActivity"
20-->src\main\AndroidManifest.xml:14:13-62
21            android:label="@string/app_name" >
21-->src\main\AndroidManifest.xml:15:13-45
22            <intent-filter>
22-->src\main\AndroidManifest.xml:16:13-20:29
23                <action android:name="android.intent.action.MAIN" />
23-->src\main\AndroidManifest.xml:17:17-69
23-->src\main\AndroidManifest.xml:17:25-66
24
25                <category android:name="android.intent.category.LAUNCHER" />
25-->src\main\AndroidManifest.xml:19:17-77
25-->src\main\AndroidManifest.xml:19:27-74
26            </intent-filter>
27        </activity>
28        <activity
28-->src\main\AndroidManifest.xml:22:9-25:20
29            android:name="mobile.example.dbtest.InsertContactActivity"
29-->src\main\AndroidManifest.xml:23:13-71
30            android:label="@string/title_activity_insert_contact" >
30-->src\main\AndroidManifest.xml:24:13-66
31        </activity>
32        <activity
32-->src\main\AndroidManifest.xml:26:9-29:20
33            android:name="mobile.example.dbtest.SearchContactActivity"
33-->src\main\AndroidManifest.xml:27:13-71
34            android:label="@string/title_activity_search_contact" >
34-->src\main\AndroidManifest.xml:28:13-66
35        </activity>
36        <activity
36-->src\main\AndroidManifest.xml:30:9-33:20
37            android:name="mobile.example.dbtest.AllContactsActivity"
37-->src\main\AndroidManifest.xml:31:13-69
38            android:label="@string/title_activity_all_contacts" >
38-->src\main\AndroidManifest.xml:32:13-64
39        </activity>
40    </application>
41
42</manifest>